<?xml version="1.0" encoding="UTF-8"?>
<testng-results skipped="0" failed="3" ignored="0" total="3" passed="0">
  <reporter-output>
  </reporter-output>
  <suite name="Test Suite" duration-ms="34515" started-at="2019-11-17T10:24:10Z" finished-at="2019-11-17T10:24:45Z">
    <groups>
    </groups>
    <test name="HubSpot chrome" duration-ms="34515" started-at="2019-11-17T10:24:10Z" finished-at="2019-11-17T10:24:45Z">
      <class name="com.MyTest.LoginTest">
        <test-method status="PASS" signature="setUpTest(java.lang.String)[pri:0, instance:com.MyTest.LoginTest@73846619]" name="setUpTest" is-config="true" duration-ms="10418" started-at="2019-11-17T10:24:10Z" finished-at="2019-11-17T10:24:21Z">
          <params>
            <param index="0">
              <value>
                <![CDATA[chrome]]>
              </value>
            </param>
          </params>
          <reporter-output>
          </reporter-output>
        </test-method> <!-- setUpTest -->
        <test-method status="FAIL" signature="verifyLoginPageTitle()[pri:1, instance:com.MyTest.LoginTest@73846619]" name="verifyLoginPageTitle" duration-ms="129" started-at="2019-11-17T10:24:21Z" finished-at="2019-11-17T10:24:21Z">
          <exception class="java.lang.AssertionError">
            <message>
              <![CDATA[expected [Checking browser] but found [app.hubspot.com]]]>
            </message>
            <full-stacktrace>
              <![CDATA[java.lang.AssertionError: expected [Checking browser] but found [app.hubspot.com]
at org.testng.Assert.fail(Assert.java:96)
at org.testng.Assert.failNotEquals(Assert.java:776)
at org.testng.Assert.assertEqualsImpl(Assert.java:137)
at org.testng.Assert.assertEquals(Assert.java:118)
at org.testng.Assert.assertEquals(Assert.java:453)
at org.testng.Assert.assertEquals(Assert.java:463)
at com.MyTest.LoginTest.verifyLoginPageTitle(LoginTest.java:22)
at sun.reflect.NativeMethodAccessorImpl.invoke0(Native Method)
at sun.reflect.NativeMethodAccessorImpl.invoke(Unknown Source)
at sun.reflect.DelegatingMethodAccessorImpl.invoke(Unknown Source)
at java.lang.reflect.Method.invoke(Unknown Source)
at org.testng.internal.MethodInvocationHelper.invokeMethod(MethodInvocationHelper.java:124)
at org.testng.internal.Invoker.invokeMethod(Invoker.java:583)
at org.testng.internal.Invoker.invokeTestMethod(Invoker.java:719)
at org.testng.internal.Invoker.invokeTestMethods(Invoker.java:989)
at org.testng.internal.TestMethodWorker.invokeTestMethods(TestMethodWorker.java:125)
at org.testng.internal.TestMethodWorker.run(TestMethodWorker.java:109)
at java.util.concurrent.ThreadPoolExecutor.runWorker(Unknown Source)
at java.util.concurrent.ThreadPoolExecutor$Worker.run(Unknown Source)
at java.lang.Thread.run(Unknown Source)
]]>
            </full-stacktrace>
          </exception> <!-- java.lang.AssertionError -->
          <reporter-output>
          </reporter-output>
        </test-method> <!-- verifyLoginPageTitle -->
        <test-method status="PASS" signature="tearDown()[pri:0, instance:com.MyTest.LoginTest@73846619]" name="tearDown" is-config="true" duration-ms="897" started-at="2019-11-17T10:24:21Z" finished-at="2019-11-17T10:24:22Z">
          <reporter-output>
          </reporter-output>
        </test-method> <!-- tearDown -->
        <test-method status="PASS" signature="setUpTest(java.lang.String)[pri:0, instance:com.MyTest.LoginTest@73846619]" name="setUpTest" is-config="true" duration-ms="2130" started-at="2019-11-17T10:24:22Z" finished-at="2019-11-17T10:24:24Z">
          <params>
            <param index="0">
              <value>
                <![CDATA[chrome]]>
              </value>
            </param>
          </params>
          <reporter-output>
          </reporter-output>
        </test-method> <!-- setUpTest -->
        <test-method status="FAIL" signature="verifyLoginPageHeader()[pri:2, instance:com.MyTest.LoginTest@73846619]" name="verifyLoginPageHeader" duration-ms="16060" started-at="2019-11-17T10:24:24Z" finished-at="2019-11-17T10:24:40Z">
          <exception class="java.lang.NullPointerException">
            <full-stacktrace>
              <![CDATA[java.lang.NullPointerException
at com.qa.util.BasePage.getPageHeader(BasePage.java:21)
at com.qa.pages.LoginPage.getLoginPageHeader(LoginPage.java:61)
at com.MyTest.LoginTest.verifyLoginPageHeader(LoginTest.java:31)
at sun.reflect.NativeMethodAccessorImpl.invoke0(Native Method)
at sun.reflect.NativeMethodAccessorImpl.invoke(Unknown Source)
at sun.reflect.DelegatingMethodAccessorImpl.invoke(Unknown Source)
at java.lang.reflect.Method.invoke(Unknown Source)
at org.testng.internal.MethodInvocationHelper.invokeMethod(MethodInvocationHelper.java:124)
at org.testng.internal.Invoker.invokeMethod(Invoker.java:583)
at org.testng.internal.Invoker.invokeTestMethod(Invoker.java:719)
at org.testng.internal.Invoker.invokeTestMethods(Invoker.java:989)
at org.testng.internal.TestMethodWorker.invokeTestMethods(TestMethodWorker.java:125)
at org.testng.internal.TestMethodWorker.run(TestMethodWorker.java:109)
at java.util.concurrent.ThreadPoolExecutor.runWorker(Unknown Source)
at java.util.concurrent.ThreadPoolExecutor$Worker.run(Unknown Source)
at java.lang.Thread.run(Unknown Source)
]]>
            </full-stacktrace>
          </exception> <!-- java.lang.NullPointerException -->
          <reporter-output>
          </reporter-output>
        </test-method> <!-- verifyLoginPageHeader -->
        <test-method status="PASS" signature="tearDown()[pri:0, instance:com.MyTest.LoginTest@73846619]" name="tearDown" is-config="true" duration-ms="645" started-at="2019-11-17T10:24:40Z" finished-at="2019-11-17T10:24:40Z">
          <reporter-output>
          </reporter-output>
        </test-method> <!-- tearDown -->
        <test-method status="PASS" signature="setUpTest(java.lang.String)[pri:0, instance:com.MyTest.LoginTest@73846619]" name="setUpTest" is-config="true" duration-ms="3290" started-at="2019-11-17T10:24:40Z" finished-at="2019-11-17T10:24:44Z">
          <params>
            <param index="0">
              <value>
                <![CDATA[chrome]]>
              </value>
            </param>
          </params>
          <reporter-output>
          </reporter-output>
        </test-method> <!-- setUpTest -->
        <test-method status="FAIL" signature="doLoginPageTest()[pri:3, instance:com.MyTest.LoginTest@73846619]" name="doLoginPageTest" duration-ms="55" started-at="2019-11-17T10:24:44Z" finished-at="2019-11-17T10:24:44Z">
          <exception class="java.lang.NullPointerException">
            <full-stacktrace>
              <![CDATA[java.lang.NullPointerException
at com.qa.pages.LoginPage.doLogin(LoginPage.java:66)
at com.MyTest.LoginTest.doLoginPageTest(LoginTest.java:41)
at sun.reflect.NativeMethodAccessorImpl.invoke0(Native Method)
at sun.reflect.NativeMethodAccessorImpl.invoke(Unknown Source)
at sun.reflect.DelegatingMethodAccessorImpl.invoke(Unknown Source)
at java.lang.reflect.Method.invoke(Unknown Source)
at org.testng.internal.MethodInvocationHelper.invokeMethod(MethodInvocationHelper.java:124)
at org.testng.internal.Invoker.invokeMethod(Invoker.java:583)
at org.testng.internal.Invoker.invokeTestMethod(Invoker.java:719)
at org.testng.internal.Invoker.invokeTestMethods(Invoker.java:989)
at org.testng.internal.TestMethodWorker.invokeTestMethods(TestMethodWorker.java:125)
at org.testng.internal.TestMethodWorker.run(TestMethodWorker.java:109)
at java.util.concurrent.ThreadPoolExecutor.runWorker(Unknown Source)
at java.util.concurrent.ThreadPoolExecutor$Worker.run(Unknown Source)
at java.lang.Thread.run(Unknown Source)
]]>
            </full-stacktrace>
          </exception> <!-- java.lang.NullPointerException -->
          <reporter-output>
          </reporter-output>
        </test-method> <!-- doLoginPageTest -->
        <test-method status="PASS" signature="tearDown()[pri:0, instance:com.MyTest.LoginTest@73846619]" name="tearDown" is-config="true" duration-ms="844" started-at="2019-11-17T10:24:44Z" finished-at="2019-11-17T10:24:45Z">
          <reporter-output>
          </reporter-output>
        </test-method> <!-- tearDown -->
      </class> <!-- com.MyTest.LoginTest -->
    </test> <!-- HubSpot chrome -->
  </suite> <!-- Test Suite -->
</testng-results>
